<?xml version="1.0" encoding="UTF-8"?>
<robot generator="Robot 4.1.3 (Python 3.7.5 on darwin)" generated="20220421 20:50:27.321" rpa="true" schemaversion="2">
<suite id="s1" name="Tasks" source="/Users/mtg/Code/robocorp/order-robot/tasks.robot">
<test id="s1-t1" name="Order robots from RobotSpareBin Industries Inc">
<kw name="Get orders">
<var>${orders}</var>
<kw name="Download" library="RPA.HTTP">
<arg>url=https://robotsparebinindustries.com/orders.csv</arg>
<arg>overwrite=True</arg>
<arg>target_file=orders.csv</arg>
<doc>An alias for the ``HTTP Get`` keyword.</doc>
<msg timestamp="20220421 20:50:28.433" level="INFO">Creating a new HTTP session</msg>
<msg timestamp="20220421 20:50:28.445" level="INFO">Creating Session using : alias=rpasession_alias.httpsrobotsparebinindustries.com, url=https://robotsparebinindustries.com, headers={},                     cookies={}, auth=None, timeout=None, proxies=None, verify=True,                     debug=0 </msg>
<status status="PASS" starttime="20220421 20:50:28.433" endtime="20220421 20:50:28.606"/>
</kw>
<kw name="Open Workbook" library="RPA.Excel.Files">
<arg>path=orders.csv</arg>
<doc>Open an existing Excel workbook.</doc>
<msg timestamp="20220421 20:50:28.629" level="INFO">Failed to open as Excel Binary Format (.xls): Unsupported format, or corrupt file: Expected BOF record; found b'Order nu'</msg>
<msg timestamp="20220421 20:50:28.630" level="FAIL">ValueError: Failed to open Excel file (/Users/mtg/Code/robocorp/order-robot/orders.csv), verify that the path and extension are correct</msg>
<status status="FAIL" starttime="20220421 20:50:28.606" endtime="20220421 20:50:28.630"/>
</kw>
<kw name="Read Worksheet As Table" library="RPA.Excel.Files">
<var>${orders_table}</var>
<arg>header=True</arg>
<doc>Read the content of a worksheet into a Table container. Allows
sorting/filtering/manipulating using the ``RPA.Tables`` library.</doc>
<status status="NOT RUN" starttime="20220421 20:50:28.630" endtime="20220421 20:50:28.630"/>
</kw>
<kw name="Close Workbook" library="RPA.Excel.Files">
<doc>Close the active workbook.</doc>
<status status="NOT RUN" starttime="20220421 20:50:28.630" endtime="20220421 20:50:28.631"/>
</kw>
<status status="FAIL" starttime="20220421 20:50:28.433" endtime="20220421 20:50:28.631"/>
</kw>
<for flavor="IN">
<var>${row}</var>
<value>@{orders}</value>
<iter>
<var name="${row}">${row}</var>
<kw name="Log" library="BuiltIn">
<arg>${row}</arg>
<doc>Logs the given message with the given level.</doc>
<status status="NOT RUN" starttime="20220421 20:50:28.632" endtime="20220421 20:50:28.632"/>
</kw>
<status status="NOT RUN" starttime="20220421 20:50:28.632" endtime="20220421 20:50:28.632"/>
</iter>
<status status="NOT RUN" starttime="20220421 20:50:28.631" endtime="20220421 20:50:28.632"/>
</for>
<status status="FAIL" starttime="20220421 20:50:28.432" endtime="20220421 20:50:28.632">ValueError: Failed to open Excel file (/Users/mtg/Code/robocorp/order-robot/orders.csv), verify that the path and extension are correct</status>
</test>
<doc>Orders robots from RobotSpareBin Industries Inc.
Saves the order HTML receipt as a PDF file.
Saves the screenshot of the ordered robot.
Embeds the screenshot of the robot to the PDF receipt.
Creates ZIP archive of the receipts and the images.</doc>
<status status="FAIL" starttime="20220421 20:50:27.326" endtime="20220421 20:50:28.633"/>
</suite>
<statistics>
<total>
<stat pass="0" fail="1" skip="0">All Tasks</stat>
</total>
<tag>
</tag>
<suite>
<stat pass="0" fail="1" skip="0" id="s1" name="Tasks">Tasks</stat>
</suite>
</statistics>
<errors>
</errors>
</robot>
